#
# There is insufficient memory for the Java Runtime Environment to continue.
# Native memory allocation (mmap) failed to map 4294967296 bytes for committing reserved memory.
# Possible reasons:
#   The system is out of physical RAM or swap space
#   In 32 bit mode, the process size limit was hit
# Possible solutions:
#   Reduce memory load on the system
#   Increase physical memory or swap space
#   Check if swap backing store is full
#   Use 64 bit Java on a 64 bit OS
#   Decrease Java heap size (-Xmx/-Xms)
#   Decrease number of Java threads
#   Decrease Java thread stack sizes (-Xss)
#   Set larger code cache with -XX:ReservedCodeCacheSize=
# This output file may be truncated or incomplete.
#
#  Out of Memory Error (os_linux.cpp:2640), pid=7348, tid=0x00007f0538f85700
#
# JRE version:  (8.0_144-b01) (build )
# Java VM: Java HotSpot(TM) 64-Bit Server VM (25.144-b01 mixed mode linux-amd64 compressed oops)
# Failed to write core dump. Core dumps have been disabled. To enable core dumping, try "ulimit -c unlimited" before starting Java again
#

---------------  T H R E A D  ---------------

Current thread (0x00007f053000a000):  JavaThread "Unknown thread" [_thread_in_vm, id=7349, stack(0x00007f0538e85000,0x00007f0538f86000)]

Stack: [0x00007f0538e85000,0x00007f0538f86000],  sp=0x00007f0538f84370,  free space=1020k
Native frames: (J=compiled Java code, j=interpreted, Vv=VM code, C=native code)
V  [libjvm.so+0xacb18a]  VMError::report_and_die()+0x2ba
V  [libjvm.so+0x4ff4db]  report_vm_out_of_memory(char const*, int, unsigned long, VMErrorType, char const*)+0x8b
V  [libjvm.so+0x927d23]  os::Linux::commit_memory_impl(char*, unsigned long, bool)+0x103
V  [libjvm.so+0x928279]  os::pd_commit_memory(char*, unsigned long, unsigned long, bool)+0x29
V  [libjvm.so+0x92249a]  os::commit_memory(char*, unsigned long, unsigned long, bool)+0x2a
V  [libjvm.so+0x996ff3]  PSVirtualSpace::expand_by(unsigned long)+0x53
V  [libjvm.so+0x987107]  PSOldGen::initialize(ReservedSpace, unsigned long, char const*, int)+0xb7
V  [libjvm.so+0x2dac3a]  AdjoiningGenerations::AdjoiningGenerations(ReservedSpace, GenerationSizer*, unsigned long)+0x39a
V  [libjvm.so+0x94b3a6]  ParallelScavengeHeap::initialize()+0x1d6
V  [libjvm.so+0xa93203]  Universe::initialize_heap()+0xf3
V  [libjvm.so+0xa9376e]  universe_init()+0x3e
V  [libjvm.so+0x640565]  init_globals()+0x65
V  [libjvm.so+0xa76e5e]  Threads::create_vm(JavaVMInitArgs*, bool*)+0x23e
V  [libjvm.so+0x6d4e64]  JNI_CreateJavaVM+0x74
C  [libjli.so+0x745e]  JavaMain+0x9e
C  [libpthread.so.0+0x77fc]  start_thread+0xdc


---------------  P R O C E S S  ---------------

Java Threads: ( => current thread )

Other Threads:

=>0x00007f053000a000 (exited) JavaThread "Unknown thread" [_thread_in_vm, id=7349, stack(0x00007f0538e85000,0x00007f0538f86000)]

VM state:not at safepoint (not fully initialized)

VM Mutex/Monitor currently owned by a thread: None

GC Heap History (0 events):
No events

Deoptimization events (0 events):
No events

Internal exceptions (0 events):
No events

Events (0 events):
No events


Dynamic libraries:
00400000-00401000 r-xp 00000000 08:05 525957                             /usr/lib/java/jdk1.8.0_144/bin/java
00600000-00601000 rw-p 00000000 08:05 525957                             /usr/lib/java/jdk1.8.0_144/bin/java
022e9000-0230a000 rw-p 00000000 00:00 0                                  [heap]
740000000-7c0000000 rw-p 00000000 00:00 0 
7f0521000000-7f0521270000 rwxp 00000000 00:00 0 
7f0521270000-7f0530000000 ---p 00000000 00:00 0 
7f0530000000-7f0530034000 rw-p 00000000 00:00 0 
7f0530034000-7f0534000000 ---p 00000000 00:00 0 
7f0534d2e000-7f0534fb5000 rw-p 00000000 00:00 0 
7f0534fb5000-7f05357b5000 ---p 00000000 00:00 0 
7f05357b5000-7f0535bc0000 rw-p 00000000 00:00 0 
7f0535bc0000-7f0535f76000 ---p 00000000 00:00 0 
7f0535f76000-7f0535f90000 r-xp 00000000 08:05 526065                     /usr/lib/java/jdk1.8.0_144/jre/lib/amd64/libzip.so
7f0535f90000-7f0536190000 ---p 0001a000 08:05 526065                     /usr/lib/java/jdk1.8.0_144/jre/lib/amd64/libzip.so
7f0536190000-7f0536191000 rw-p 0001a000 08:05 526065                     /usr/lib/java/jdk1.8.0_144/jre/lib/amd64/libzip.so
7f0536191000-7f053619c000 r-xp 00000000 08:05 594543                     /lib/x86_64-linux-gnu/libnss_files-2.26.so
7f053619c000-7f053639b000 ---p 0000b000 08:05 594543                     /lib/x86_64-linux-gnu/libnss_files-2.26.so
7f053639b000-7f053639c000 r--p 0000a000 08:05 594543                     /lib/x86_64-linux-gnu/libnss_files-2.26.so
7f053639c000-7f053639d000 rw-p 0000b000 08:05 594543                     /lib/x86_64-linux-gnu/libnss_files-2.26.so
7f053639d000-7f05363a3000 rw-p 00000000 00:00 0 
7f05363a3000-7f05363ae000 r-xp 00000000 08:05 594545                     /lib/x86_64-linux-gnu/libnss_nis-2.26.so
7f05363ae000-7f05365ad000 ---p 0000b000 08:05 594545                     /lib/x86_64-linux-gnu/libnss_nis-2.26.so
7f05365ad000-7f05365ae000 r--p 0000a000 08:05 594545                     /lib/x86_64-linux-gnu/libnss_nis-2.26.so
7f05365ae000-7f05365af000 rw-p 0000b000 08:05 594545                     /lib/x86_64-linux-gnu/libnss_nis-2.26.so
7f05365af000-7f05365c6000 r-xp 00000000 08:05 594540                     /lib/x86_64-linux-gnu/libnsl-2.26.so
7f05365c6000-7f05367c5000 ---p 00017000 08:05 594540                     /lib/x86_64-linux-gnu/libnsl-2.26.so
7f05367c5000-7f05367c6000 r--p 00016000 08:05 594540                     /lib/x86_64-linux-gnu/libnsl-2.26.so
7f05367c6000-7f05367c7000 rw-p 00017000 08:05 594540                     /lib/x86_64-linux-gnu/libnsl-2.26.so
7f05367c7000-7f05367c9000 rw-p 00000000 00:00 0 
7f05367c9000-7f05367d1000 r-xp 00000000 08:05 594541                     /lib/x86_64-linux-gnu/libnss_compat-2.26.so
7f05367d1000-7f05369d0000 ---p 00008000 08:05 594541                     /lib/x86_64-linux-gnu/libnss_compat-2.26.so
7f05369d0000-7f05369d1000 r--p 00007000 08:05 594541                     /lib/x86_64-linux-gnu/libnss_compat-2.26.so
7f05369d1000-7f05369d2000 rw-p 00008000 08:05 594541                     /lib/x86_64-linux-gnu/libnss_compat-2.26.so
7f05369d2000-7f05369fd000 r-xp 00000000 08:05 526092                     /usr/lib/java/jdk1.8.0_144/jre/lib/amd64/libjava.so
7f05369fd000-7f0536bfc000 ---p 0002b000 08:05 526092                     /usr/lib/java/jdk1.8.0_144/jre/lib/amd64/libjava.so
7f0536bfc000-7f0536bfe000 rw-p 0002a000 08:05 526092                     /usr/lib/java/jdk1.8.0_144/jre/lib/amd64/libjava.so
7f0536bfe000-7f0536c0b000 r-xp 00000000 08:05 526043                     /usr/lib/java/jdk1.8.0_144/jre/lib/amd64/libverify.so
7f0536c0b000-7f0536e0b000 ---p 0000d000 08:05 526043                     /usr/lib/java/jdk1.8.0_144/jre/lib/amd64/libverify.so
7f0536e0b000-7f0536e0d000 rw-p 0000d000 08:05 526043                     /usr/lib/java/jdk1.8.0_144/jre/lib/amd64/libverify.so
7f0536e0d000-7f0536e14000 r-xp 00000000 08:05 594550                     /lib/x86_64-linux-gnu/librt-2.26.so
7f0536e14000-7f0537013000 ---p 00007000 08:05 594550                     /lib/x86_64-linux-gnu/librt-2.26.so
7f0537013000-7f0537014000 r--p 00006000 08:05 594550                     /lib/x86_64-linux-gnu/librt-2.26.so
7f0537014000-7f0537015000 rw-p 00007000 08:05 594550                     /lib/x86_64-linux-gnu/librt-2.26.so
7f0537015000-7f053716a000 r-xp 00000000 08:05 530598                     /lib/x86_64-linux-gnu/libm-2.26.so
7f053716a000-7f0537369000 ---p 00155000 08:05 530598                     /lib/x86_64-linux-gnu/libm-2.26.so
7f0537369000-7f053736a000 r--p 00154000 08:05 530598                     /lib/x86_64-linux-gnu/libm-2.26.so
7f053736a000-7f053736b000 rw-p 00155000 08:05 530598                     /lib/x86_64-linux-gnu/libm-2.26.so
7f053736b000-7f053803e000 r-xp 00000000 08:05 526096                     /usr/lib/java/jdk1.8.0_144/jre/lib/amd64/server/libjvm.so
7f053803e000-7f053823d000 ---p 00cd3000 08:05 526096                     /usr/lib/java/jdk1.8.0_144/jre/lib/amd64/server/libjvm.so
7f053823d000-7f0538317000 rw-p 00cd2000 08:05 526096                     /usr/lib/java/jdk1.8.0_144/jre/lib/amd64/server/libjvm.so
7f0538317000-7f0538362000 rw-p 00000000 00:00 0 
7f0538362000-7f0538538000 r-xp 00000000 08:05 529531                     /lib/x86_64-linux-gnu/libc-2.26.so
7f0538538000-7f0538738000 ---p 001d6000 08:05 529531                     /lib/x86_64-linux-gnu/libc-2.26.so
7f0538738000-7f053873c000 r--p 001d6000 08:05 529531                     /lib/x86_64-linux-gnu/libc-2.26.so
7f053873c000-7f053873e000 rw-p 001da000 08:05 529531                     /lib/x86_64-linux-gnu/libc-2.26.so
7f053873e000-7f0538742000 rw-p 00000000 00:00 0 
7f0538742000-7f0538745000 r-xp 00000000 08:05 530597                     /lib/x86_64-linux-gnu/libdl-2.26.so
7f0538745000-7f0538944000 ---p 00003000 08:05 530597                     /lib/x86_64-linux-gnu/libdl-2.26.so
7f0538944000-7f0538945000 r--p 00002000 08:05 530597                     /lib/x86_64-linux-gnu/libdl-2.26.so
7f0538945000-7f0538946000 rw-p 00003000 08:05 530597                     /lib/x86_64-linux-gnu/libdl-2.26.so
7f0538946000-7f053895b000 r-xp 00000000 08:05 525129                     /usr/lib/java/jdk1.8.0_144/lib/amd64/jli/libjli.so
7f053895b000-7f0538b5b000 ---p 00015000 08:05 525129                     /usr/lib/java/jdk1.8.0_144/lib/amd64/jli/libjli.so
7f0538b5b000-7f0538b5c000 rw-p 00015000 08:05 525129                     /usr/lib/java/jdk1.8.0_144/lib/amd64/jli/libjli.so
7f0538b5c000-7f0538b76000 r-xp 00000000 08:05 594548                     /lib/x86_64-linux-gnu/libpthread-2.26.so
7f0538b76000-7f0538d75000 ---p 0001a000 08:05 594548                     /lib/x86_64-linux-gnu/libpthread-2.26.so
7f0538d75000-7f0538d76000 r--p 00019000 08:05 594548                     /lib/x86_64-linux-gnu/libpthread-2.26.so
7f0538d76000-7f0538d77000 rw-p 0001a000 08:05 594548                     /lib/x86_64-linux-gnu/libpthread-2.26.so
7f0538d77000-7f0538d7b000 rw-p 00000000 00:00 0 
7f0538d7b000-7f0538da2000 r-xp 00000000 08:05 529527                     /lib/x86_64-linux-gnu/ld-2.26.so
7f0538e85000-7f0538e88000 ---p 00000000 00:00 0 
7f0538e88000-7f0538f8a000 rw-p 00000000 00:00 0 
7f0538f98000-7f0538fa0000 rw-s 00000000 08:05 1444627                    /tmp/hsperfdata_marius/7348
7f0538fa0000-7f0538fa1000 rw-p 00000000 00:00 0 
7f0538fa1000-7f0538fa2000 r--p 00000000 00:00 0 
7f0538fa2000-7f0538fa3000 r--p 00027000 08:05 529527                     /lib/x86_64-linux-gnu/ld-2.26.so
7f0538fa3000-7f0538fa4000 rw-p 00028000 08:05 529527                     /lib/x86_64-linux-gnu/ld-2.26.so
7f0538fa4000-7f0538fa5000 rw-p 00000000 00:00 0 
7ffdeb1cf000-7ffdeb1f0000 rw-p 00000000 00:00 0                          [stack]
7ffdeb1f1000-7ffdeb1f4000 r--p 00000000 00:00 0                          [vvar]
7ffdeb1f4000-7ffdeb1f6000 r-xp 00000000 00:00 0                          [vdso]
ffffffffff600000-ffffffffff601000 r-xp 00000000 00:00 0                  [vsyscall]

VM Arguments:
jvm_args: -Xms6G -Xmx6G 
java_command: Optional 30001
java_class_path (initial): .
Launcher Type: SUN_STANDARD

Environment Variables:
JAVA_HOME=/usr/lib/java/jdk1.8.0_144
PATH=/home/marius/.cabal/bin:/opt/cabal/1.22/bin:/opt/ghc/7.10.3/bin:/home/marius/bin:/home/marius/.local/bin:/usr/local/sbin:/usr/local/bin:/usr/sbin:/usr/bin:/sbin:/bin:/usr/games:/usr/local/games:/snap/bin:/usr/lib/java/jdk1.8.0_144/bin:/home/marius/Software/k/bin
USERNAME=marius
SHELL=/bin/bash
DISPLAY=:0

Signal Handlers:
SIGSEGV: [libjvm.so+0xacba10], sa_mask[0]=11111111011111111101111111111110, sa_flags=SA_RESTART|SA_SIGINFO
SIGBUS: [libjvm.so+0xacba10], sa_mask[0]=11111111011111111101111111111110, sa_flags=SA_RESTART|SA_SIGINFO
SIGFPE: [libjvm.so+0x924ba0], sa_mask[0]=11111111011111111101111111111110, sa_flags=SA_RESTART|SA_SIGINFO
SIGPIPE: [libjvm.so+0x924ba0], sa_mask[0]=11111111011111111101111111111110, sa_flags=SA_RESTART|SA_SIGINFO
SIGXFSZ: [libjvm.so+0x924ba0], sa_mask[0]=11111111011111111101111111111110, sa_flags=SA_RESTART|SA_SIGINFO
SIGILL: [libjvm.so+0x924ba0], sa_mask[0]=11111111011111111101111111111110, sa_flags=SA_RESTART|SA_SIGINFO
SIGUSR1: SIG_DFL, sa_mask[0]=00000000000000000000000000000000, sa_flags=none
SIGUSR2: [libjvm.so+0x9263e0], sa_mask[0]=00000000000000000000000000000000, sa_flags=SA_RESTART|SA_SIGINFO
SIGHUP: SIG_DFL, sa_mask[0]=00000000000000000000000000000000, sa_flags=none
SIGINT: SIG_DFL, sa_mask[0]=00000000000000000000000000000000, sa_flags=none
SIGTERM: SIG_DFL, sa_mask[0]=00000000000000000000000000000000, sa_flags=none
SIGQUIT: SIG_DFL, sa_mask[0]=00000000000000000000000000000000, sa_flags=none


---------------  S Y S T E M  ---------------

OS:DISTRIB_ID=Ubuntu
DISTRIB_RELEASE=17.10
DISTRIB_CODENAME=artful
DISTRIB_DESCRIPTION="Ubuntu 17.10"

uname:Linux 4.13.0-36-generic #40-Ubuntu SMP Fri Feb 16 20:07:48 UTC 2018 x86_64
libc:glibc 2.26 NPTL 2.26 
rlimit: STACK 8192k, CORE 0k, NPROC 29982, NOFILE 4096, AS infinity
load average:1.55 1.81 1.96

/proc/meminfo:
MemTotal:        7729688 kB
MemFree:         3571028 kB
MemAvailable:    3921024 kB
Buffers:           19344 kB
Cached:           652188 kB
SwapCached:            0 kB
Active:          3017984 kB
Inactive:         915800 kB
Active(anon):    2984700 kB
Inactive(anon):   394240 kB
Active(file):      33284 kB
Inactive(file):   521560 kB
Unevictable:          48 kB
Mlocked:              48 kB
SwapTotal:             0 kB
SwapFree:              0 kB
Dirty:              8628 kB
Writeback:             0 kB
AnonPages:       3262288 kB
Mapped:           237728 kB
Shmem:            395460 kB
Slab:              89988 kB
SReclaimable:      35144 kB
SUnreclaim:        54844 kB
KernelStack:       14576 kB
PageTables:        56476 kB
NFS_Unstable:          0 kB
Bounce:                0 kB
WritebackTmp:          0 kB
CommitLimit:     3864844 kB
Committed_AS:   11589804 kB
VmallocTotal:   34359738367 kB
VmallocUsed:           0 kB
VmallocChunk:          0 kB
HardwareCorrupted:     0 kB
AnonHugePages:         0 kB
ShmemHugePages:        0 kB
ShmemPmdMapped:        0 kB
CmaTotal:              0 kB
CmaFree:               0 kB
HugePages_Total:       0
HugePages_Free:        0
HugePages_Rsvd:        0
HugePages_Surp:        0
Hugepagesize:       2048 kB
DirectMap4k:      163724 kB
DirectMap2M:     7780352 kB


CPU:total 8 (initial active 8) (4 cores per cpu, 2 threads per core) family 6 model 58 stepping 9, cmov, cx8, fxsr, mmx, sse, sse2, sse3, ssse3, sse4.1, sse4.2, popcnt, avx, aes, clmul, erms, ht, tsc, tscinvbit, tscinv

/proc/cpuinfo:
processor	: 0
vendor_id	: GenuineIntel
cpu family	: 6
model		: 58
model name	: Intel(R) Core(TM) i7-3632QM CPU @ 2.20GHz
stepping	: 9
microcode	: 0x15
cpu MHz		: 2195.088
cache size	: 6144 KB
physical id	: 0
siblings	: 8
core id		: 0
cpu cores	: 4
apicid		: 0
initial apicid	: 0
fpu		: yes
fpu_exception	: yes
cpuid level	: 13
wp		: yes
flags		: fpu vme de pse tsc msr pae mce cx8 apic sep mtrr pge mca cmov pat pse36 clflush dts acpi mmx fxsr sse sse2 ss ht tm pbe syscall nx rdtscp lm constant_tsc arch_perfmon pebs bts rep_good nopl xtopology nonstop_tsc cpuid aperfmperf pni pclmulqdq dtes64 monitor ds_cpl vmx est tm2 ssse3 cx16 xtpr pdcm pcid sse4_1 sse4_2 x2apic popcnt tsc_deadline_timer aes xsave avx f16c rdrand lahf_lm cpuid_fault epb pti retpoline tpr_shadow vnmi flexpriority ept vpid fsgsbase smep erms xsaveopt dtherm ida arat pln pts
bugs		: cpu_meltdown spectre_v1 spectre_v2
bogomips	: 4390.17
clflush size	: 64
cache_alignment	: 64
address sizes	: 36 bits physical, 48 bits virtual
power management:

processor	: 1
vendor_id	: GenuineIntel
cpu family	: 6
model		: 58
model name	: Intel(R) Core(TM) i7-3632QM CPU @ 2.20GHz
stepping	: 9
microcode	: 0x15
cpu MHz		: 2195.088
cache size	: 6144 KB
physical id	: 0
siblings	: 8
core id		: 0
cpu cores	: 4
apicid		: 1
initial apicid	: 1
fpu		: yes
fpu_exception	: yes
cpuid level	: 13
wp		: yes
flags		: fpu vme de pse tsc msr pae mce cx8 apic sep mtrr pge mca cmov pat pse36 clflush dts acpi mmx fxsr sse sse2 ss ht tm pbe syscall nx rdtscp lm constant_tsc arch_perfmon pebs bts rep_good nopl xtopology nonstop_tsc cpuid aperfmperf pni pclmulqdq dtes64 monitor ds_cpl vmx est tm2 ssse3 cx16 xtpr pdcm pcid sse4_1 sse4_2 x2apic popcnt tsc_deadline_timer aes xsave avx f16c rdrand lahf_lm cpuid_fault epb pti retpoline tpr_shadow vnmi flexpriority ept vpid fsgsbase smep erms xsaveopt dtherm ida arat pln pts
bugs		: cpu_meltdown spectre_v1 spectre_v2
bogomips	: 4390.17
clflush size	: 64
cache_alignment	: 64
address sizes	: 36 bits physical, 48 bits virtual
power management:

processor	: 2
vendor_id	: GenuineIntel
cpu family	: 6
model		: 58
model name	: Intel(R) Core(TM) i7-3632QM CPU @ 2.20GHz
stepping	: 9
microcode	: 0x15
cpu MHz		: 2195.088
cache size	: 6144 KB
physical id	: 0
siblings	: 8
core id		: 1
cpu cores	: 4
apicid		: 2
initial apicid	: 2
fpu		: yes
fpu_exception	: yes
cpuid level	: 13
wp		: yes
flags		: fpu vme de pse tsc msr pae mce cx8 apic sep mtrr pge mca cmov pat pse36 clflush dts acpi mmx fxsr sse sse2 ss ht tm pbe syscall nx rdtscp lm constant_tsc arch_perfmon pebs bts rep_good nopl xtopology nonstop_tsc cpuid aperfmperf pni pclmulqdq dtes64 monitor ds_cpl vmx est tm2 ssse3 cx16 xtpr pdcm pcid sse4_1 sse4_2 x2apic popcnt tsc_deadline_timer aes xsave avx f16c rdrand lahf_lm cpuid_fault epb pti retpoline tpr_shadow vnmi flexpriority ept vpid fsgsbase smep erms xsaveopt dtherm ida arat pln pts
bugs		: cpu_meltdown spectre_v1 spectre_v2
bogomips	: 4390.17
clflush size	: 64
cache_alignment	: 64
address sizes	: 36 bits physical, 48 bits virtual
power management:

processor	: 3
vendor_id	: GenuineIntel
cpu family	: 6
model		: 58
model name	: Intel(R) Core(TM) i7-3632QM CPU @ 2.20GHz
stepping	: 9
microcode	: 0x15
cpu MHz		: 2195.088
cache size	: 6144 KB
physical id	: 0
siblings	: 8
core id		: 1
cpu cores	: 4
apicid		: 3
initial apicid	: 3
fpu		: yes
fpu_exception	: yes
cpuid level	: 13
wp		: yes
flags		: fpu vme de pse tsc msr pae mce cx8 apic sep mtrr pge mca cmov pat pse36 clflush dts acpi mmx fxsr sse sse2 ss ht tm pbe syscall nx rdtscp lm constant_tsc arch_perfmon pebs bts rep_good nopl xtopology nonstop_tsc cpuid aperfmperf pni pclmulqdq dtes64 monitor ds_cpl vmx est tm2 ssse3 cx16 xtpr pdcm pcid sse4_1 sse4_2 x2apic popcnt tsc_deadline_timer aes xsave avx f16c rdrand lahf_lm cpuid_fault epb pti retpoline tpr_shadow vnmi flexpriority ept vpid fsgsbase smep erms xsaveopt dtherm ida arat pln pts
bugs		: cpu_meltdown spectre_v1 spectre_v2
bogomips	: 4390.17
clflush size	: 64
cache_alignment	: 64
address sizes	: 36 bits physical, 48 bits virtual
power management:

processor	: 4
vendor_id	: GenuineIntel
cpu family	: 6
model		: 58
model name	: Intel(R) Core(TM) i7-3632QM CPU @ 2.20GHz
stepping	: 9
microcode	: 0x15
cpu MHz		: 2195.088
cache size	: 6144 KB
physical id	: 0
siblings	: 8
core id		: 2
cpu cores	: 4
apicid		: 4
initial apicid	: 4
fpu		: yes
fpu_exception	: yes
cpuid level	: 13
wp		: yes
flags		: fpu vme de pse tsc msr pae mce cx8 apic sep mtrr pge mca cmov pat pse36 clflush dts acpi mmx fxsr sse sse2 ss ht tm pbe syscall nx rdtscp lm constant_tsc arch_perfmon pebs bts rep_good nopl xtopology nonstop_tsc cpuid aperfmperf pni pclmulqdq dtes64 monitor ds_cpl vmx est tm2 ssse3 cx16 xtpr pdcm pcid sse4_1 sse4_2 x2apic popcnt tsc_deadline_timer aes xsave avx f16c rdrand lahf_lm cpuid_fault epb pti retpoline tpr_shadow vnmi flexpriority ept vpid fsgsbase smep erms xsaveopt dtherm ida arat pln pts
bugs		: cpu_meltdown spectre_v1 spectre_v2
bogomips	: 4390.17
clflush size	: 64
cache_alignment	: 64
address sizes	: 36 bits physical, 48 bits virtual
power management:

processor	: 5
vendor_id	: GenuineIntel
cpu family	: 6
model		: 58
model name	: Intel(R) Core(TM) i7-3632QM CPU @ 2.20GHz
stepping	: 9
microcode	: 0x15
cpu MHz		: 2195.088
cache size	: 6144 KB
physical id	: 0
siblings	: 8
core id		: 2
cpu cores	: 4
apicid		: 5
initial apicid	: 5
fpu		: yes
fpu_exception	: yes
cpuid level	: 13
wp		: yes
flags		: fpu vme de pse tsc msr pae mce cx8 apic sep mtrr pge mca cmov pat pse36 clflush dts acpi mmx fxsr sse sse2 ss ht tm pbe syscall nx rdtscp lm constant_tsc arch_perfmon pebs bts rep_good nopl xtopology nonstop_tsc cpuid aperfmperf pni pclmulqdq dtes64 monitor ds_cpl vmx est tm2 ssse3 cx16 xtpr pdcm pcid sse4_1 sse4_2 x2apic popcnt tsc_deadline_timer aes xsave avx f16c rdrand lahf_lm cpuid_fault epb pti retpoline tpr_shadow vnmi flexpriority ept vpid fsgsbase smep erms xsaveopt dtherm ida arat pln pts
bugs		: cpu_meltdown spectre_v1 spectre_v2
bogomips	: 4390.17
clflush size	: 64
cache_alignment	: 64
address sizes	: 36 bits physical, 48 bits virtual
power management:

processor	: 6
vendor_id	: GenuineIntel
cpu family	: 6
model		: 58
model name	: Intel(R) Core(TM) i7-3632QM CPU @ 2.20GHz
stepping	: 9
microcode	: 0x15
cpu MHz		: 2195.088
cache size	: 6144 KB
physical id	: 0
siblings	: 8
core id		: 3
cpu cores	: 4
apicid		: 6
initial apicid	: 6
fpu		: yes
fpu_exception	: yes
cpuid level	: 13
wp		: yes
flags		: fpu vme de pse tsc msr pae mce cx8 apic sep mtrr pge mca cmov pat pse36 clflush dts acpi mmx fxsr sse sse2 ss ht tm pbe syscall nx rdtscp lm constant_tsc arch_perfmon pebs bts rep_good nopl xtopology nonstop_tsc cpuid aperfmperf pni pclmulqdq dtes64 monitor ds_cpl vmx est tm2 ssse3 cx16 xtpr pdcm pcid sse4_1 sse4_2 x2apic popcnt tsc_deadline_timer aes xsave avx f16c rdrand lahf_lm cpuid_fault epb pti retpoline tpr_shadow vnmi flexpriority ept vpid fsgsbase smep erms xsaveopt dtherm ida arat pln pts
bugs		: cpu_meltdown spectre_v1 spectre_v2
bogomips	: 4390.17
clflush size	: 64
cache_alignment	: 64
address sizes	: 36 bits physical, 48 bits virtual
power management:

processor	: 7
vendor_id	: GenuineIntel
cpu family	: 6
model		: 58
model name	: Intel(R) Core(TM) i7-3632QM CPU @ 2.20GHz
stepping	: 9
microcode	: 0x15
cpu MHz		: 2195.088
cache size	: 6144 KB
physical id	: 0
siblings	: 8
core id		: 3
cpu cores	: 4
apicid		: 7
initial apicid	: 7
fpu		: yes
fpu_exception	: yes
cpuid level	: 13
wp		: yes
flags		: fpu vme de pse tsc msr pae mce cx8 apic sep mtrr pge mca cmov pat pse36 clflush dts acpi mmx fxsr sse sse2 ss ht tm pbe syscall nx rdtscp lm constant_tsc arch_perfmon pebs bts rep_good nopl xtopology nonstop_tsc cpuid aperfmperf pni pclmulqdq dtes64 monitor ds_cpl vmx est tm2 ssse3 cx16 xtpr pdcm pcid sse4_1 sse4_2 x2apic popcnt tsc_deadline_timer aes xsave avx f16c rdrand lahf_lm cpuid_fault epb pti retpoline tpr_shadow vnmi flexpriority ept vpid fsgsbase smep erms xsaveopt dtherm ida arat pln pts
bugs		: cpu_meltdown spectre_v1 spectre_v2
bogomips	: 4390.17
clflush size	: 64
cache_alignment	: 64
address sizes	: 36 bits physical, 48 bits virtual
power management:



Memory: 4k page, physical 7729688k(3571028k free), swap 0k(0k free)

vm_info: Java HotSpot(TM) 64-Bit Server VM (25.144-b01) for linux-amd64 JRE (1.8.0_144-b01), built on Jul 21 2017 21:57:33 by "java_re" with gcc 4.3.0 20080428 (Red Hat 4.3.0-8)

time: Thu Mar  1 16:52:39 2018
elapsed time: 0 seconds (0d 0h 0m 0s)

